<?xml version="1.0" encoding="UTF-8"?>
<!-- Generated by org.testng.reporters.JUnitReportReporter -->
<testsuite hostname="HP-Pavillion-Harshal" failures="0" tests="1" name="testCases.TC001_VerifyAccountRegistrationTest" time="3.666" errors="0" timestamp="2025-06-30T16:42:15 IST" skipped="0">
  <testcase classname="testCases.TC001_VerifyAccountRegistrationTest" name="verify_account_Registration" time="3.666"/>
</testsuite> <!-- testCases.TC001_VerifyAccountRegistrationTest -->
