<?xml version="1.0" encoding="UTF-8"?>
<!-- Generated by org.testng.reporters.JUnitReportReporter -->
<testsuite hostname="HP-Pavillion-Harshal" failures="0" tests="1" name="testCases.TC001_VerifyAccountRegistrationTest" time="2.881" errors="0" timestamp="2025-06-30T17:55:25 IST" skipped="0">
  <testcase classname="testCases.TC001_VerifyAccountRegistrationTest" name="verify_account_Registration" time="2.881"/>
</testsuite> <!-- testCases.TC001_VerifyAccountRegistrationTest -->
